c:\users\dan iorga\documents\visual studio 2017\projects\dim\dim\debug\vc141.pdb
c:\users\dan iorga\documents\visual studio 2017\projects\dim\dim\debug\vc141.idb
c:\users\dan iorga\documents\visual studio 2017\projects\dim\dim\debug\background_object.obj
c:\users\dan iorga\documents\visual studio 2017\projects\dim\dim\debug\game_dog.obj
c:\users\dan iorga\documents\visual studio 2017\projects\dim\dim\debug\game_fox.obj
c:\users\dan iorga\documents\visual studio 2017\projects\dim\dim\debug\game_coin.obj
c:\users\dan iorga\documents\visual studio 2017\projects\dim\dim\debug\game_manager.obj
c:\users\dan iorga\documents\visual studio 2017\projects\dim\dim\debug\game_object.obj
c:\users\dan iorga\documents\visual studio 2017\projects\dim\dim\debug\game_sun.obj
c:\users\dan iorga\documents\visual studio 2017\projects\dim\dim\debug\main.obj
c:\users\dan iorga\documents\visual studio 2017\projects\dim\dim\debug\mysdl_init.obj
c:\users\dan iorga\documents\visual studio 2017\projects\dim\dim\debug\score_object.obj
c:\users\dan iorga\documents\visual studio 2017\projects\dim\debug\dim.ilk
c:\users\dan iorga\documents\visual studio 2017\projects\dim\debug\dim.exe
c:\users\dan iorga\documents\visual studio 2017\projects\dim\debug\dim.pdb
c:\users\dan iorga\documents\visual studio 2017\projects\dim\dim\debug\dim.tlog\cl.command.1.tlog
c:\users\dan iorga\documents\visual studio 2017\projects\dim\dim\debug\dim.tlog\cl.read.1.tlog
c:\users\dan iorga\documents\visual studio 2017\projects\dim\dim\debug\dim.tlog\cl.write.1.tlog
c:\users\dan iorga\documents\visual studio 2017\projects\dim\dim\debug\dim.tlog\link.command.1.tlog
c:\users\dan iorga\documents\visual studio 2017\projects\dim\dim\debug\dim.tlog\link.read.1.tlog
c:\users\dan iorga\documents\visual studio 2017\projects\dim\dim\debug\dim.tlog\link.write.1.tlog
