background_object.obj : error LNK2019: unresolved external symbol SDL_CreateTextureFromSurface referenced in function "public: __cdecl BackgroundObject::BackgroundObject(int const &,struct SDL_Surface *,struct SDL_Renderer *)" (??0BackgroundObject@@QEAA@AEBHPEAUSDL_Surface@@PEAUSDL_Renderer@@@Z)
mySDL_init.obj : error LNK2001: unresolved external symbol SDL_CreateTextureFromSurface
object_text.obj : error LNK2001: unresolved external symbol SDL_CreateTextureFromSurface
score_object.obj : error LNK2001: unresolved external symbol SDL_CreateTextureFromSurface
mySDL_init.obj : error LNK2019: unresolved external symbol SDL_RWFromFile referenced in function "bool __cdecl loadMedia(void)" (?loadMedia@@YA_NXZ)
mySDL_init.obj : error LNK2019: unresolved external symbol SDL_MapRGB referenced in function "struct SDL_Surface * __cdecl loadSurface(class std::basic_string<char,struct std::char_traits<char>,class std::allocator<char> >)" (?loadSurface@@YAPEAUSDL_Surface@@V?$basic_string@DU?$char_traits@D@std@@V?$allocator@D@2@@std@@@Z)
mySDL_init.obj : error LNK2019: unresolved external symbol SDL_FreeSurface referenced in function "void __cdecl close(void)" (?close@@YAXXZ)
mySDL_init.obj : error LNK2019: unresolved external symbol SDL_SetColorKey referenced in function "struct SDL_Surface * __cdecl loadSurface(class std::basic_string<char,struct std::char_traits<char>,class std::allocator<char> >)" (?loadSurface@@YAPEAUSDL_Surface@@V?$basic_string@DU?$char_traits@D@std@@V?$allocator@D@2@@std@@@Z)
mySDL_init.obj : error LNK2019: unresolved external symbol SDL_CreateWindow referenced in function "bool __cdecl init(void)" (?init@@YA_NXZ)
mySDL_init.obj : error LNK2019: unresolved external symbol SDL_UpdateWindowSurface referenced in function "int __cdecl startGame(void)" (?startGame@@YAHXZ)
mySDL_init.obj : error LNK2019: unresolved external symbol SDL_DestroyWindow referenced in function "void __cdecl close(void)" (?close@@YAXXZ)
mySDL_init.obj : error LNK2019: unresolved external symbol SDL_PollEvent referenced in function "int __cdecl startGame(void)" (?startGame@@YAHXZ)
mySDL_init.obj : error LNK2019: unresolved external symbol SDL_CreateRenderer referenced in function "bool __cdecl init(void)" (?init@@YA_NXZ)
mySDL_init.obj : error LNK2019: unresolved external symbol SDL_SetRenderDrawColor referenced in function "bool __cdecl init(void)" (?init@@YA_NXZ)
mySDL_init.obj : error LNK2019: unresolved external symbol SDL_RenderClear referenced in function "int __cdecl startGame(void)" (?startGame@@YAHXZ)
mySDL_init.obj : error LNK2019: unresolved external symbol SDL_RenderCopy referenced in function "int __cdecl startGame(void)" (?startGame@@YAHXZ)
mySDL_init.obj : error LNK2019: unresolved external symbol SDL_RenderPresent referenced in function "int __cdecl startGame(void)" (?startGame@@YAHXZ)
mySDL_init.obj : error LNK2019: unresolved external symbol SDL_DestroyTexture referenced in function "void __cdecl close(void)" (?close@@YAXXZ)
score_object.obj : error LNK2001: unresolved external symbol SDL_DestroyTexture
mySDL_init.obj : error LNK2019: unresolved external symbol SDL_DestroyRenderer referenced in function "void __cdecl close(void)" (?close@@YAXXZ)
mySDL_init.obj : error LNK2019: unresolved external symbol SDL_Init referenced in function "bool __cdecl init(void)" (?init@@YA_NXZ)
mySDL_init.obj : error LNK2019: unresolved external symbol SDL_Quit referenced in function "void __cdecl close(void)" (?close@@YAXXZ)
mySDL_init.obj : error LNK2019: unresolved external symbol IMG_Init referenced in function "bool __cdecl init(void)" (?init@@YA_NXZ)
mySDL_init.obj : error LNK2019: unresolved external symbol IMG_Quit referenced in function "void __cdecl close(void)" (?close@@YAXXZ)
mySDL_init.obj : error LNK2019: unresolved external symbol IMG_Load referenced in function "struct SDL_Surface * __cdecl loadSurface(class std::basic_string<char,struct std::char_traits<char>,class std::allocator<char> >)" (?loadSurface@@YAPEAUSDL_Surface@@V?$basic_string@DU?$char_traits@D@std@@V?$allocator@D@2@@std@@@Z)
mySDL_init.obj : error LNK2019: unresolved external symbol Mix_Quit referenced in function "void __cdecl close(void)" (?close@@YAXXZ)
mySDL_init.obj : error LNK2019: unresolved external symbol Mix_OpenAudio referenced in function "bool __cdecl init(void)" (?init@@YA_NXZ)
mySDL_init.obj : error LNK2019: unresolved external symbol Mix_LoadWAV_RW referenced in function "bool __cdecl loadMedia(void)" (?loadMedia@@YA_NXZ)
mySDL_init.obj : error LNK2019: unresolved external symbol Mix_FreeChunk referenced in function "void __cdecl close(void)" (?close@@YAXXZ)
mySDL_init.obj : error LNK2019: unresolved external symbol Mix_FreeMusic referenced in function "void __cdecl close(void)" (?close@@YAXXZ)
mySDL_init.obj : error LNK2019: unresolved external symbol Mix_PlayChannelTimed referenced in function "int __cdecl startGame(void)" (?startGame@@YAHXZ)
mySDL_init.obj : error LNK2019: unresolved external symbol Mix_Volume referenced in function "int __cdecl startGame(void)" (?startGame@@YAHXZ)
mySDL_init.obj : error LNK2019: unresolved external symbol TTF_Init referenced in function "bool __cdecl init(void)" (?init@@YA_NXZ)
mySDL_init.obj : error LNK2019: unresolved external symbol TTF_OpenFont referenced in function "bool __cdecl loadMedia(void)" (?loadMedia@@YA_NXZ)
object_text.obj : error LNK2019: unresolved external symbol TTF_RenderText_Blended_Wrapped referenced in function "public: __cdecl TextObject::TextObject(struct SDL_Rect &,struct _TTF_Font *,struct SDL_Renderer *)" (??0TextObject@@QEAA@AEAUSDL_Rect@@PEAU_TTF_Font@@PEAUSDL_Renderer@@@Z)
score_object.obj : error LNK2019: unresolved external symbol TTF_RenderText_Solid referenced in function "public: virtual struct SDL_Texture * __cdecl ScoreObject::getTexture(void)" (?getTexture@ScoreObject@@UEAAPEAUSDL_Texture@@XZ)
MSVCRTD.lib(exe_main.obj) : error LNK2019: unresolved external symbol main referenced in function "int __cdecl invoke_main(void)" (?invoke_main@@YAHXZ)
C:\Users\home\Source\Repos\FoxRunner\x64\Debug\DIM.exe : fatal error LNK1120: 33 unresolved externals
